c:\users\aviv studio\desktop\develop\pikuma2d\varlet_cloth\x64\debug\vc143.pdb
c:\users\aviv studio\desktop\develop\pikuma2d\varlet_cloth\x64\debug\vc143.idb
c:\users\aviv studio\desktop\develop\pikuma2d\varlet_cloth\x64\debug\sdl2_rotozoom.obj
c:\users\aviv studio\desktop\develop\pikuma2d\varlet_cloth\x64\debug\sdl2_imagefilter.obj
c:\users\aviv studio\desktop\develop\pikuma2d\varlet_cloth\x64\debug\sdl2_gfxprimitives.obj
c:\users\aviv studio\desktop\develop\pikuma2d\varlet_cloth\x64\debug\vec2.obj
c:\users\aviv studio\desktop\develop\pikuma2d\varlet_cloth\x64\debug\stick.obj
c:\users\aviv studio\desktop\develop\pikuma2d\varlet_cloth\x64\debug\particle.obj
c:\users\aviv studio\desktop\develop\pikuma2d\varlet_cloth\x64\debug\particale_varlet.obj
c:\users\aviv studio\desktop\develop\pikuma2d\varlet_cloth\x64\debug\main.obj
c:\users\aviv studio\desktop\develop\pikuma2d\varlet_cloth\x64\debug\graphics.obj
c:\users\aviv studio\desktop\develop\pikuma2d\varlet_cloth\x64\debug\application.obj
c:\users\aviv studio\desktop\develop\pikuma2d\varlet_cloth\x64\debug\cloth.obj
c:\users\aviv studio\desktop\develop\pikuma2d\varlet_cloth\x64\debug\mouse.obj
c:\users\aviv studio\desktop\develop\pikuma2d\varlet_cloth\x64\debug\particle_varlet.obj
c:\users\aviv studio\desktop\develop\pikuma2d\varlet_cloth\x64\debug\varlet_cloth.exe
c:\users\aviv studio\desktop\develop\pikuma2d\varlet_cloth\x64\debug\varlet_cloth.ilk
c:\users\aviv studio\desktop\develop\pikuma2d\varlet_cloth\x64\debug\varlet_cloth.pdb
c:\users\aviv studio\desktop\develop\pikuma2d\varlet_cloth\x64\debug\varlet_cloth.tlog\cl.command.1.tlog
c:\users\aviv studio\desktop\develop\pikuma2d\varlet_cloth\x64\debug\varlet_cloth.tlog\cl.read.1.tlog
c:\users\aviv studio\desktop\develop\pikuma2d\varlet_cloth\x64\debug\varlet_cloth.tlog\cl.write.1.tlog
c:\users\aviv studio\desktop\develop\pikuma2d\varlet_cloth\x64\debug\varlet_cloth.tlog\link.command.1.tlog
c:\users\aviv studio\desktop\develop\pikuma2d\varlet_cloth\x64\debug\varlet_cloth.tlog\link.read.1.tlog
c:\users\aviv studio\desktop\develop\pikuma2d\varlet_cloth\x64\debug\varlet_cloth.tlog\link.write.1.tlog
